---------------------------------------
Begin Slurm Prolog: May-03-2026 21:52:20
Job ID:    5248585
User ID:   vmaradana3
Account:   coc
Job name:  PPI_Full_Pipeline
Partition: coc-gpu
QOS:       coc-ice
---------------------------------------
Looking in indexes: https://pypi.org/simple, https://pypi.ngc.nvidia.com
Requirement already satisfied: scikit-learn in /usr/local/lib/python3.10/dist-packages (1.2.0)
Requirement already satisfied: h5py in /home/hice1/vmaradana3/.local/lib/python3.10/site-packages (3.16.0)
Requirement already satisfied: matplotlib in /usr/local/lib/python3.10/dist-packages (3.7.3)
Requirement already satisfied: xgboost<3 in /home/hice1/vmaradana3/.local/lib/python3.10/site-packages (2.1.4)
Requirement already satisfied: shap in /home/hice1/vmaradana3/.local/lib/python3.10/site-packages (0.49.1)
Requirement already satisfied: numpy>=1.17.3 in /usr/local/lib/python3.10/dist-packages (from scikit-learn) (1.22.2)
Requirement already satisfied: scipy>=1.3.2 in /usr/local/lib/python3.10/dist-packages (from scikit-learn) (1.11.1)
Requirement already satisfied: joblib>=1.1.1 in /usr/local/lib/python3.10/dist-packages (from scikit-learn) (1.3.2)
Requirement already satisfied: threadpoolctl>=2.0.0 in /usr/local/lib/python3.10/dist-packages (from scikit-learn) (3.2.0)
Requirement already satisfied: contourpy>=1.0.1 in /usr/local/lib/python3.10/dist-packages (from matplotlib) (1.1.0)
Requirement already satisfied: cycler>=0.10 in /usr/local/lib/python3.10/dist-packages (from matplotlib) (0.11.0)
Requirement already satisfied: fonttools>=4.22.0 in /usr/local/lib/python3.10/dist-packages (from matplotlib) (4.42.1)
Requirement already satisfied: kiwisolver>=1.0.1 in /usr/local/lib/python3.10/dist-packages (from matplotlib) (1.4.5)
Requirement already satisfied: packaging>=20.0 in /usr/local/lib/python3.10/dist-packages (from matplotlib) (23.1)
Requirement already satisfied: pillow>=6.2.0 in /usr/local/lib/python3.10/dist-packages (from matplotlib) (9.2.0)
Requirement already satisfied: pyparsing>=2.3.1 in /usr/local/lib/python3.10/dist-packages (from matplotlib) (3.1.1)
Requirement already satisfied: python-dateutil>=2.7 in /usr/local/lib/python3.10/dist-packages (from matplotlib) (2.8.2)
Requirement already satisfied: nvidia-nccl-cu12 in /home/hice1/vmaradana3/.local/lib/python3.10/site-packages (from xgboost<3) (2.30.4)
Requirement already satisfied: pandas in /usr/local/lib/python3.10/dist-packages (from shap) (1.5.3)
Requirement already satisfied: tqdm>=4.27.0 in /usr/local/lib/python3.10/dist-packages (from shap) (4.66.1)
Requirement already satisfied: slicer==0.0.8 in /home/hice1/vmaradana3/.local/lib/python3.10/site-packages (from shap) (0.0.8)
Requirement already satisfied: numba>=0.54 in /home/hice1/vmaradana3/.local/lib/python3.10/site-packages (from shap) (0.65.1)
Requirement already satisfied: cloudpickle in /home/hice1/vmaradana3/.local/lib/python3.10/site-packages (from shap) (3.1.2)
Requirement already satisfied: typing-extensions in /home/hice1/vmaradana3/.local/lib/python3.10/site-packages (from shap) (4.15.0)
Requirement already satisfied: llvmlite<0.48,>=0.47.0dev0 in /home/hice1/vmaradana3/.local/lib/python3.10/site-packages (from numba>=0.54->shap) (0.47.0)
Requirement already satisfied: six>=1.5 in /usr/local/lib/python3.10/dist-packages (from python-dateutil>=2.7->matplotlib) (1.16.0)
Requirement already satisfied: pytz>=2020.1 in /usr/local/lib/python3.10/dist-packages (from pandas->shap) (2023.3)
══════════════════════════════════════════════════════════
PPI Full Pipeline
══════════════════════════════════════════════════════════
Job ID:       5248585
Node:         atl1-1-01-005-17-0
CPUs:         8
GPUs:         
Working dir:  /home/hice1/vmaradana3/Desktop/ProteinProteinInteractions
PYTHONPATH:   /home/hice1/vmaradana3/Desktop/ProteinProteinInteractions/src:
Start time:   Sun May  3 21:52:28 EDT 2026
══════════════════════════════════════════════════════════
PyTorch 2.11.0+cu130
CUDA available: False

━━━ [1/10] Ablation Study (full data, sequence + network) ━━━
Loading embeddings from data/embeddings/9606.protein.sequence.embeddings.v12.0.h5...
Loading embeddings from data/embeddings/9606.protein.network.embeddings.v12.0.h5...
Train rows before sampling: 209,000
Test rows before sampling: 12,672
Dropped mixed rows: 102,938
Train rows after sampling: 209,000
Test rows after sampling: 12,672

======================================================================
Running experiment: sequence
======================================================================

Building training features...
sequence feature matrix shape: (209000, 2048)
sequence missing/skipped pairs: 0

Building testing features...
sequence feature matrix shape: (12672, 2048)
sequence missing/skipped pairs: 0

Training model...

=== SEQUENCE RESULTS ===
Precision: 0.7157
Recall:    0.5644
F1-score:  0.6311
ROC-AUC:   0.7402
PR-AUC:    0.7520

Classification Report:
              precision    recall  f1-score   support

           0     0.6629    0.7926    0.7220      6582
           1     0.7157    0.5644    0.6311      6090

    accuracy                         0.6829     12672
   macro avg     0.6893    0.6785    0.6765     12672
weighted avg     0.6883    0.6829    0.6783     12672


======================================================================
Running experiment: network
======================================================================

Building training features...
network feature matrix shape: (209000, 1024)
network missing/skipped pairs: 0

Building testing features...
network feature matrix shape: (12672, 1024)
network missing/skipped pairs: 0

Training model...

=== NETWORK RESULTS ===
Precision: 0.8480
Recall:    0.7440
F1-score:  0.7926
ROC-AUC:   0.8857
PR-AUC:    0.8949

Classification Report:
              precision    recall  f1-score   support

           0     0.7873    0.8766    0.8296      6582
           1     0.8480    0.7440    0.7926      6090

    accuracy                         0.8129     12672
   macro avg     0.8177    0.8103    0.8111     12672
weighted avg     0.8165    0.8129    0.8118     12672


======================================================================
Running experiment: sequence_network
======================================================================

Building training features...
sequence_network feature matrix shape: (209000, 3072)
sequence_network missing/skipped pairs: 0

Building testing features...
sequence_network feature matrix shape: (12672, 3072)
sequence_network missing/skipped pairs: 0

Training model...

=== SEQUENCE_NETWORK RESULTS ===
Precision: 0.8471
Recall:    0.7131
F1-score:  0.7744
ROC-AUC:   0.8725
PR-AUC:    0.8831

Classification Report:
              precision    recall  f1-score   support

           0     0.7685    0.8809    0.8208      6582
           1     0.8471    0.7131    0.7744      6090

    accuracy                         0.8003     12672
   macro avg     0.8078    0.7970    0.7976     12672
weighted avg     0.8062    0.8003    0.7985     12672


======================================================================
FINAL ABLATION RESULTS
======================================================================
           model  precision   recall       f1  roc_auc   pr_auc
        sequence   0.715743 0.564368 0.631105 0.740200 0.751961
         network   0.848025 0.744007 0.792618 0.885682 0.894878
sequence_network   0.847084 0.713136 0.774360 0.872513 0.883104

Saved ablation results to: data/processed/ablation_results.csv
✓ Ablation complete

━━━ [2/10] Sequence+Network Capped Run (150K) ━━━
Loading data...
Loading embeddings from data/embeddings/9606.protein.sequence.embeddings.v12.0.h5...
Loading embeddings from data/embeddings/9606.protein.network.embeddings.v12.0.h5...
Train rows before sampling: 209,000
Test rows before sampling: 12,672
Dropped mixed rows: 102,938
Train rows: 150,000  (capped at 150,000)
Test rows:  12,672

Building sequence_network features...
sequence_network feature matrix shape: (150000, 3072)
sequence_network missing/skipped pairs: 0
sequence_network feature matrix shape: (12672, 3072)
sequence_network missing/skipped pairs: 0
X_train: (150000, 3072) (1.84 GB)
X_test:  (12672, 3072) (0.16 GB)

Training model...

Evaluating...

F1:      0.7791
ROC-AUC: 0.8698
PR-AUC:  0.8776
Saved curves to data/processed/curves/sequence_network.npz

Building combined results CSV...

======================================================================
FINAL ABLATION RESULTS (full data; sequence_network capped at 150K)
======================================================================
           model  precision   recall       f1  roc_auc   pr_auc
        sequence   0.715743 0.564368 0.631105 0.740200 0.751961
         network   0.848025 0.744007 0.792618 0.885682 0.894878
sequence_network   0.827548 0.735961 0.779072 0.869804 0.877558

Saved to data/processed/ablation_results.csv
✓ Seqnet capped complete

━━━ [3/10] Plot ROC/PR Curves ━━━
Saved plots/roc_curves.png
Saved plots/pr_curves.png
Saved plots/roc_pr_combined.png
✓ Curves plotted

━━━ [4/10] Case Study ━━━
Loading data...
Loading embeddings from data/embeddings/9606.protein.sequence.embeddings.v12.0.h5...
Loading embeddings from data/embeddings/9606.protein.network.embeddings.v12.0.h5...
Train rows before sampling: 209,000
Test rows before sampling: 12,672
Dropped mixed rows: 102,938
Building features (network mode)...
network feature matrix shape: (209000, 1024)
network missing/skipped pairs: 0
network feature matrix shape: (12672, 1024)
network missing/skipped pairs: 0
Training network-only model...
Predicting on test set...
Loading protein info and selecting pairs...

| Protein A | Protein B | True label | Pred prob | Correct? | Notes |
|---|---|---|---|---|---|
| RPL4 (ENSP00000311430) | RPS16 (ENSP00000367806) | interact | 1.000 | ✓ | top correct positive — A: Ribosomal protein L4. |
| RPL36AL (ENSP00000346012) | RPL36A (ENSP00000404375) | interact | 1.000 | ✓ | strong correct positive — A: Ribosomal protein L36a like |
| KCNG2 (ENSP00000315654) | PRAMEF12 (ENSP00000350358) | no | 0.000 | ✓ | top correct negative — A: Potassium voltage-gated channel subfamily G member 2 |
| H2BS1 (ENSP00000481622) | H2BC15 (ENSP00000483903) | no | 1.000 | ✗ | most confident miss — A: Histone H2B type F-S |

Saved case-study table to: data/processed/case_study.md
✓ Case study complete

━━━ [5/10] Error Analysis (full data) ━━━
=================================================================
Error Analysis — Network-Only MLP
=================================================================

[1/6] Loading data and embeddings...
Loading embeddings from data/embeddings/9606.protein.network.embeddings.v12.0.h5...
Loading embeddings from data/embeddings/9606.protein.sequence.embeddings.v12.0.h5...
[2/6] Splitting data and building features...
Train rows before sampling: 209,000
Test rows before sampling: 12,672
Dropped mixed rows: 102,938
network feature matrix shape: (209000, 1024)
network missing/skipped pairs: 0
network feature matrix shape: (12672, 1024)
network missing/skipped pairs: 0
   Train: 209,000 rows | Test: 12,672 rows
[3/6] Training model...
[4/6] Computing embedding cosine similarities...
[5/6] Running analyses...
[6/6] Writing report...

Report saved to: data/processed/error_analysis.md
Details saved to: data/processed/error_details.csv

Summary: 2,371 errors out of 12,672 test pairs (18.7%)
  False Positives: 812 | False Negatives: 1,559
✓ Error analysis complete

━━━ [6/10] Model Comparison (LogReg, RF, XGBoost, MLP) ━━━
Train: 200,000  |  Test: 12,672
Feature shape: (200000, 3072)

Training Logistic Regression...
  F1=0.7834  ROC-AUC=0.8708  PR-AUC=0.8724

Training Random Forest...
  F1=0.7163  ROC-AUC=0.8374  PR-AUC=0.8431

Training XGBoost...
  F1=0.7692  ROC-AUC=0.8625  PR-AUC=0.8701

Training MLP (sklearn)...
  F1=0.7852  ROC-AUC=0.8807  PR-AUC=0.8909

Training Two-Tower MLP...
  TT Epoch   1  train=0.3962  val=0.3544
  TT Epoch  20  train=0.3171  val=0.3205
  TT Epoch  40  train=0.2563  val=0.3103
  TT early stop at epoch 53
  F1=0.8035  ROC-AUC=0.8950  PR-AUC=0.9011

======================================================================
              model  precision   recall       f1  roc_auc   pr_auc
Logistic Regression   0.803522 0.764204 0.783370 0.870778 0.872445
      Random Forest   0.826180 0.632184 0.716279 0.837367 0.843086
            XGBoost   0.811146 0.731363 0.769191 0.862488 0.870075
      MLP (sklearn)   0.854521 0.726273 0.785194 0.880664 0.890877
      Two-Tower MLP   0.855791 0.757143 0.803450 0.894967 0.901127

Saved results to data/processed/model_comparison_results.csv
Saved plots/roc_curves.png
Saved plots/pr_curves.png
Saved plots/confusion_matrices.png
Saved plots/metric_comparison.png
✓ Model comparison complete

━━━ [7/10] Two-Tower MLP Training (PyTorch, GPU) ━━━
Device: cpu
Train: 200,000  |  Test: 12,672
Feature dim: 3072  |  Train: 180000  Val: 20000  Test: 12672
Model parameters: 427,265
Epoch   1  train_loss=0.3962  val_loss=0.3544  lr=0.000500
Epoch  10  train_loss=0.3234  val_loss=0.3285  lr=0.000500
Epoch  20  train_loss=0.3171  val_loss=0.3205  lr=0.000500
Epoch  30  train_loss=0.2815  val_loss=0.3104  lr=0.000250
Epoch  40  train_loss=0.2563  val_loss=0.3103  lr=0.000125
Epoch  50  train_loss=0.2419  val_loss=0.3094  lr=0.000031
Early stopping at epoch 53

=== Improved MLP Results ===
   precision: 0.8558
      recall: 0.7571
          f1: 0.8035
     roc_auc: 0.8950
      pr_auc: 0.9011

Classification Report:
              precision    recall  f1-score   support

           0     0.7970    0.8820    0.8373      6582
           1     0.8558    0.7571    0.8035      6090

    accuracy                         0.8220     12672
   macro avg     0.8264    0.8195    0.8204     12672
weighted avg     0.8252    0.8220    0.8210     12672


Saved model to models/improved_mlp.pt
✓ Two-Tower MLP complete

━━━ [8/10] Attention MLP Training (PyTorch, GPU) ━━━
Device: cpu

[1/6] Loading data...
  Train: 200,000  |  Test: 12,672
[2/6] Building features...
  Feature dim: 3072  |  Train: 180000  Val: 20000  Test: 12672
[3/6] Training attention model...
  Parameters: 493,569
  Epoch   1  train=0.3956  val=0.3474  lr=0.000500
  Epoch  10  train=0.3260  val=0.3221  lr=0.000500
  Epoch  20  train=0.2882  val=0.3181  lr=0.000250
  Epoch  30  train=0.2469  val=0.3190  lr=0.000125
  Epoch  40  train=0.2013  val=0.3076  lr=0.000031
  Early stopping at epoch 48
[4/6] Evaluating...

=== Attention MLP Results ===
     precision: 0.8869
        recall: 0.7059
            f1: 0.7861
       roc_auc: 0.8884
        pr_auc: 0.8978

              precision    recall  f1-score   support

           0     0.7711    0.9167    0.8376      6582
           1     0.8869    0.7059    0.7861      6090

    accuracy                         0.8154     12672
   macro avg     0.8290    0.8113    0.8119     12672
weighted avg     0.8268    0.8154    0.8129     12672

[5/6] Extracting attention weights...
  Attention weights shape: (12672, 2, 2)
[6/6] Generating plots and report...
  Saved attention plot to plots/attention_weights.png
  Report saved to data/processed/attention_analysis.md
  Model saved to models/attention_mlp.pt
✓ Attention MLP complete

━━━ [9/10] SHAP Explainability (XGBoost) ━━━
Training XGBoost for SHAP analysis...
Computing SHAP values on 500 test samples...
Saved plots/shap_summary.png
Saved plots/shap_top_features.csv

Top 10 most important features:
    feature  mean_abs_shap
abs_diff_37       0.114195
product_344       0.095353
product_182       0.091717
product_467       0.089037
product_126       0.086385
product_255       0.083881
product_355       0.082879
product_445       0.073974
product_105       0.070087
 product_25       0.069373
✓ SHAP analysis complete

━━━ [10/10] XAI Full Report ━━━
Embeddings loaded
Embeddings loaded
  train=50,000  test=10,000
network embeddings
    built 50,000 pairs  (skipped 0)
    built 10,000 pairs  (skipped 0)
sequence embeddings
    built 50,000 pairs  (skipped 0)
    built 10,000 pairs  (skipped 0)
sequence + network (combined)
STRING evidence features only
    [network               ] F1=0.7775  ROC-AUC=0.8707
    [sequence              ] F1=0.6275  ROC-AUC=0.7245
    [sequence+network      ] F1=0.7751  ROC-AUC=0.8645
    [evidence scores       ] F1=1.0000  ROC-AUC=1.0000

embedding geometry
  [network] pos cos=0.5015  neg cos=0.2779  Δcos=0.2236
  [sequence] pos cos=0.5207  neg cos=0.4643  Δcos=0.0564

kNN Neighbourhood overlap
  pos overlap=0.1270  neg overlap=0.0220

[PCA dimensionality
  network cumvar@20=50.3%  sequence cumvar@20=54.9%

Prototype pairs

Component ablation (embedding dim=512) …
    [full                ] F1=0.7563  ROC-AUC=0.8528
    [absdiff_only        ] F1=0.6843  ROC-AUC=0.7851
    [elemprod_only       ] F1=0.7333  ROC-AUC=0.8402

SHAP
KernelSHAP on 300 samples

Generating HTML report

Report saved to: data/processed/xai_report.html
✓ XAI report complete

══════════════════════════════════════════════════════════
ALL DONE
End time: Sun May  3 22:23:42 EDT 2026
══════════════════════════════════════════════════════════

Outputs:
  data/processed/ablation_results.csv
  data/processed/model_comparison_results.csv
  data/processed/error_analysis.md
  data/processed/error_details.csv
  data/processed/case_study.md
  data/processed/attention_analysis.md
  data/processed/xai_report.html
  models/improved_mlp.pt
  models/attention_mlp.pt
  plots/roc_curves.png
  plots/pr_curves.png
  plots/roc_pr_combined.png
  plots/attention_weights.png
  plots/confusion_matrices.png
  plots/shap_summary.png
---------------------------------------
Begin Slurm Epilog: May-03-2026 22:23:42
Job ID:        5248585
User ID:       vmaradana3
Account:       coc
Job name:      PPI_Full_Pipeline
Resources:     cpu=8,gres/gpu:mi210=1,mem=64G,node=1
Rsrc Used:     cput=04:11:20,vmem=0,walltime=00:31:25,mem=14552548K,energy_used=0
Partition:     coc-gpu
QOS:           coc-ice
Nodes:         atl1-1-01-005-17-0
---------------------------------------
